Testsuite: test.CodeGenTest
Tests run: 64, Failures: 3, Errors: 0, Skipped: 0, Time elapsed: 0.159 sec
------------- Standard Output ---------------
Processing Terminated due to errors during code generation
Processing Terminated due to errors during code generation
------------- ---------------- ---------------
------------- Standard Error -----------------
Exception during Code Generation
java.lang.ArrayIndexOutOfBoundsException: -1
java.lang.ArrayIndexOutOfBoundsException: -1
	at java.util.ArrayList.elementData(ArrayList.java:418)
	at java.util.ArrayList.remove(ArrayList.java:495)
	at compiler488.codegen.CodeGen.visit(CodeGen.java:703)
	at compiler488.ast.stmt.ReturnStmt.accept(ReturnStmt.java:56)
	at compiler488.codegen.CodeGen.visit(CodeGen.java:590)
	at compiler488.ast.stmt.IfStmt.accept(IfStmt.java:67)
	at compiler488.codegen.CodeGen.visit(CodeGen.java:731)
	at compiler488.ast.stmt.Scope.accept(Scope.java:87)
	at compiler488.codegen.CodeGen.visit(CodeGen.java:471)
	at compiler488.ast.decl.RoutineDecl.accept(RoutineDecl.java:156)
	at compiler488.codegen.CodeGen.visit(CodeGen.java:726)
	at compiler488.codegen.CodeGen.visit(CodeGen.java:638)
	at compiler488.ast.stmt.Program.accept(Program.java:24)
	at test.CodeGenTest.generateCode(CodeGenTest.java:57)
	at test.CodeGenTest.compileProgram(CodeGenTest.java:136)
	at test.CodeGenTest.arrangeTest(CodeGenTest.java:161)
	at test.CodeGenTest.testFunction03(CodeGenTest.java:476)
	at sun.reflect.NativeMethodAccessorImpl.invoke0(Native Method)
	at sun.reflect.NativeMethodAccessorImpl.invoke(NativeMethodAccessorImpl.java:62)
	at sun.reflect.DelegatingMethodAccessorImpl.invoke(DelegatingMethodAccessorImpl.java:43)
	at java.lang.reflect.Method.invoke(Method.java:498)
	at org.junit.runners.model.FrameworkMethod$1.runReflectiveCall(FrameworkMethod.java:50)
	at org.junit.internal.runners.model.ReflectiveCallable.run(ReflectiveCallable.java:12)
	at org.junit.runners.model.FrameworkMethod.invokeExplosively(FrameworkMethod.java:47)
	at org.junit.internal.runners.statements.InvokeMethod.evaluate(InvokeMethod.java:17)
	at org.junit.internal.runners.statements.RunBefores.evaluate(RunBefores.java:26)
	at org.junit.internal.runners.statements.RunAfters.evaluate(RunAfters.java:27)
	at org.junit.rules.ExternalResource$1.evaluate(ExternalResource.java:48)
	at org.junit.rules.RunRules.evaluate(RunRules.java:20)
	at org.junit.runners.ParentRunner.runLeaf(ParentRunner.java:325)
	at org.junit.runners.BlockJUnit4ClassRunner.runChild(BlockJUnit4ClassRunner.java:78)
	at org.junit.runners.BlockJUnit4ClassRunner.runChild(BlockJUnit4ClassRunner.java:57)
	at org.junit.runners.ParentRunner$3.run(ParentRunner.java:290)
	at org.junit.runners.ParentRunner$1.schedule(ParentRunner.java:71)
	at org.junit.runners.ParentRunner.runChildren(ParentRunner.java:288)
	at org.junit.runners.ParentRunner.access$000(ParentRunner.java:58)
	at org.junit.runners.ParentRunner$2.evaluate(ParentRunner.java:268)
	at org.junit.runners.ParentRunner.run(ParentRunner.java:363)
	at junit.framework.JUnit4TestAdapter.run(JUnit4TestAdapter.java:38)
	at org.apache.tools.ant.taskdefs.optional.junit.JUnitTestRunner.run(JUnitTestRunner.java:535)
	at org.apache.tools.ant.taskdefs.optional.junit.JUnitTask.executeInVM(JUnitTask.java:1621)
	at org.apache.tools.ant.taskdefs.optional.junit.JUnitTask.execute(JUnitTask.java:1021)
	at org.apache.tools.ant.taskdefs.optional.junit.JUnitTask.executeOrQueue(JUnitTask.java:2105)
	at org.apache.tools.ant.taskdefs.optional.junit.JUnitTask.execute(JUnitTask.java:832)
	at org.apache.tools.ant.UnknownElement.execute(UnknownElement.java:293)
	at sun.reflect.GeneratedMethodAccessor4.invoke(Unknown Source)
	at sun.reflect.DelegatingMethodAccessorImpl.invoke(DelegatingMethodAccessorImpl.java:43)
	at java.lang.reflect.Method.invoke(Method.java:498)
	at org.apache.tools.ant.dispatch.DispatchUtils.execute(DispatchUtils.java:106)
	at org.apache.tools.ant.Task.perform(Task.java:348)
	at org.apache.tools.ant.Target.execute(Target.java:435)
	at org.apache.tools.ant.Target.performTasks(Target.java:456)
	at org.apache.tools.ant.Project.executeSortedTargets(Project.java:1405)
	at org.apache.tools.ant.Project.executeTarget(Project.java:1376)
	at org.apache.tools.ant.helper.DefaultExecutor.executeTargets(DefaultExecutor.java:41)
	at org.apache.tools.ant.Project.executeTargets(Project.java:1260)
	at org.apache.tools.ant.Main.runBuild(Main.java:853)
	at org.apache.tools.ant.Main.startAnt(Main.java:235)
	at org.apache.tools.ant.launch.Launcher.run(Launcher.java:285)
	at org.apache.tools.ant.launch.Launcher.main(Launcher.java:112)
Exception during Machine Execution  Initial value of mlp out of range
Exception during Code Generation
java.lang.ArrayIndexOutOfBoundsException: -1
java.lang.ArrayIndexOutOfBoundsException: -1
	at java.util.ArrayList.elementData(ArrayList.java:418)
	at java.util.ArrayList.remove(ArrayList.java:495)
	at compiler488.codegen.CodeGen.visit(CodeGen.java:703)
	at compiler488.ast.stmt.ReturnStmt.accept(ReturnStmt.java:56)
	at compiler488.codegen.CodeGen.visit(CodeGen.java:590)
	at compiler488.ast.stmt.IfStmt.accept(IfStmt.java:67)
	at compiler488.codegen.CodeGen.visit(CodeGen.java:731)
	at compiler488.ast.stmt.Scope.accept(Scope.java:87)
	at compiler488.codegen.CodeGen.visit(CodeGen.java:471)
	at compiler488.ast.decl.RoutineDecl.accept(RoutineDecl.java:156)
	at compiler488.codegen.CodeGen.visit(CodeGen.java:726)
	at compiler488.codegen.CodeGen.visit(CodeGen.java:638)
	at compiler488.ast.stmt.Program.accept(Program.java:24)
	at test.CodeGenTest.generateCode(CodeGenTest.java:57)
	at test.CodeGenTest.compileProgram(CodeGenTest.java:136)
	at test.CodeGenTest.arrangeTest(CodeGenTest.java:161)
	at test.CodeGenTest.testFunction04(CodeGenTest.java:483)
	at sun.reflect.NativeMethodAccessorImpl.invoke0(Native Method)
	at sun.reflect.NativeMethodAccessorImpl.invoke(NativeMethodAccessorImpl.java:62)
	at sun.reflect.DelegatingMethodAccessorImpl.invoke(DelegatingMethodAccessorImpl.java:43)
	at java.lang.reflect.Method.invoke(Method.java:498)
	at org.junit.runners.model.FrameworkMethod$1.runReflectiveCall(FrameworkMethod.java:50)
	at org.junit.internal.runners.model.ReflectiveCallable.run(ReflectiveCallable.java:12)
	at org.junit.runners.model.FrameworkMethod.invokeExplosively(FrameworkMethod.java:47)
	at org.junit.internal.runners.statements.InvokeMethod.evaluate(InvokeMethod.java:17)
	at org.junit.internal.runners.statements.RunBefores.evaluate(RunBefores.java:26)
	at org.junit.internal.runners.statements.RunAfters.evaluate(RunAfters.java:27)
	at org.junit.rules.ExternalResource$1.evaluate(ExternalResource.java:48)
	at org.junit.rules.RunRules.evaluate(RunRules.java:20)
	at org.junit.runners.ParentRunner.runLeaf(ParentRunner.java:325)
	at org.junit.runners.BlockJUnit4ClassRunner.runChild(BlockJUnit4ClassRunner.java:78)
	at org.junit.runners.BlockJUnit4ClassRunner.runChild(BlockJUnit4ClassRunner.java:57)
	at org.junit.runners.ParentRunner$3.run(ParentRunner.java:290)
	at org.junit.runners.ParentRunner$1.schedule(ParentRunner.java:71)
	at org.junit.runners.ParentRunner.runChildren(ParentRunner.java:288)
	at org.junit.runners.ParentRunner.access$000(ParentRunner.java:58)
	at org.junit.runners.ParentRunner$2.evaluate(ParentRunner.java:268)
	at org.junit.runners.ParentRunner.run(ParentRunner.java:363)
	at junit.framework.JUnit4TestAdapter.run(JUnit4TestAdapter.java:38)
	at org.apache.tools.ant.taskdefs.optional.junit.JUnitTestRunner.run(JUnitTestRunner.java:535)
	at org.apache.tools.ant.taskdefs.optional.junit.JUnitTask.executeInVM(JUnitTask.java:1621)
	at org.apache.tools.ant.taskdefs.optional.junit.JUnitTask.execute(JUnitTask.java:1021)
	at org.apache.tools.ant.taskdefs.optional.junit.JUnitTask.executeOrQueue(JUnitTask.java:2105)
	at org.apache.tools.ant.taskdefs.optional.junit.JUnitTask.execute(JUnitTask.java:832)
	at org.apache.tools.ant.UnknownElement.execute(UnknownElement.java:293)
	at sun.reflect.GeneratedMethodAccessor4.invoke(Unknown Source)
	at sun.reflect.DelegatingMethodAccessorImpl.invoke(DelegatingMethodAccessorImpl.java:43)
	at java.lang.reflect.Method.invoke(Method.java:498)
	at org.apache.tools.ant.dispatch.DispatchUtils.execute(DispatchUtils.java:106)
	at org.apache.tools.ant.Task.perform(Task.java:348)
	at org.apache.tools.ant.Target.execute(Target.java:435)
	at org.apache.tools.ant.Target.performTasks(Target.java:456)
	at org.apache.tools.ant.Project.executeSortedTargets(Project.java:1405)
	at org.apache.tools.ant.Project.executeTarget(Project.java:1376)
	at org.apache.tools.ant.helper.DefaultExecutor.executeTargets(DefaultExecutor.java:41)
	at org.apache.tools.ant.Project.executeTargets(Project.java:1260)
	at org.apache.tools.ant.Main.runBuild(Main.java:853)
	at org.apache.tools.ant.Main.startAnt(Main.java:235)
	at org.apache.tools.ant.launch.Launcher.run(Launcher.java:285)
	at org.apache.tools.ant.launch.Launcher.main(Launcher.java:112)
Exception during Machine Execution  Initial value of mlp out of range
------------- ---------------- ---------------

Testcase: testCompareLessEqual01 took 0.038 sec
Testcase: testCompareLessEqual02 took 0.005 sec
Testcase: testWhileDo01 took 0.002 sec
Testcase: testArith01 took 0.001 sec
Testcase: testArray01 took 0.002 sec
Testcase: testArray02 took 0.003 sec
Testcase: testArray03 took 0.002 sec
Testcase: testArray04 took 0.002 sec
Testcase: testArray05 took 0.001 sec
Testcase: testArray06 took 0.002 sec
Testcase: testArray07 took 0.002 sec
Testcase: testArray08 took 0.002 sec
Testcase: testArray09 took 0.001 sec
Testcase: testArray10 took 0.001 sec
Testcase: testConditional01 took 0.001 sec
Testcase: testConditional02 took 0.002 sec
Testcase: testConditional03 took 0.002 sec
Testcase: testRepeatUntil01 took 0.001 sec
Testcase: testRepeatUntil02 took 0.001 sec
Testcase: testProcedure01 took 0.002 sec
Testcase: testProcedure02 took 0.002 sec
Testcase: testProcedure03 took 0.001 sec
Testcase: testProcedure04 took 0.002 sec
Testcase: testProcedure05 took 0.002 sec
Testcase: testProcedure06 took 0.001 sec
Testcase: testProcedure07 took 0.001 sec
Testcase: testFunction01 took 0.001 sec
Testcase: testFunction02 took 0.001 sec
Testcase: testFunction03 took 0.006 sec
	FAILED
expected:<[PASSEP
]> but was:<[]>
junit.framework.AssertionFailedError: expected:<[PASSEP
]> but was:<[]>
	at test.CodeGenTest.testFunction03(CodeGenTest.java:478)

Testcase: testFunction04 took 0.002 sec
	FAILED
expected:<[PASSEP
]> but was:<[]>
junit.framework.AssertionFailedError: expected:<[PASSEP
]> but was:<[]>
	at test.CodeGenTest.testFunction04(CodeGenTest.java:485)

Testcase: testFunction05 took 0.002 sec
Testcase: testFunction06 took 0.001 sec
	FAILED
expected:<500
[]> but was:<500
[500]>
junit.framework.AssertionFailedError: expected:<500
[]> but was:<500
[500]>
	at test.CodeGenTest.testFunction06(CodeGenTest.java:499)

Testcase: testCompareNotEqual01 took 0.001 sec
Testcase: testCompareNotEqual02 took 0.001 sec
Testcase: testCompareGreater01 took 0.002 sec
Testcase: testCompareGreater02 took 0.001 sec
Testcase: testBooleanAnd01 took 0.002 sec
Testcase: testBooleanAnd02 took 0.001 sec
Testcase: testUnaryMinus01 took 0.001 sec
Testcase: testUnaryMinus02 took 0.001 sec
Testcase: testCompareLess01 took 0.002 sec
Testcase: testCompareLess02 took 0.001 sec
Testcase: testCompareGreaterEqual01 took 0.001 sec
Testcase: testCompareGreaterEqual02 took 0.002 sec
Testcase: testExit01 took 0.001 sec
Testcase: testExit02 took 0.002 sec
Testcase: testExit03 took 0.001 sec
Testcase: testExit04 took 0.002 sec
Testcase: testExit05 took 0.001 sec
Testcase: testExit06 took 0.001 sec
Testcase: testExit07 took 0.002 sec
Testcase: testIfStmt took 0.001 sec
Testcase: testNotExpn01 took 0.001 sec
Testcase: testNotExpn02 took 0.001 sec
Testcase: testBooleanOr01 took 0.001 sec
Testcase: testBooleanOr02 took 0.001 sec
Testcase: testBooleanOr03 took 0.001 sec
Testcase: testIfStmt01 took 0.001 sec
Testcase: testIfStmt02 took 0.001 sec
Testcase: testIfStmt03 took 0.002 sec
Testcase: testIfStmt04 took 0.001 sec
Testcase: testHelloWorld took 0.002 sec
Testcase: testCompareEqual01 took 0.002 sec
Testcase: testCompareEqual02 took 0.001 sec
